{
  "RSpec": {
    "coverage": {
      "/var/www/html/ratebeer/app/models/rating.rb": [
        1,
        1,
        null,
        null,
        null,
        null,
        null,
        1,
        1,
        null,
        1,
        0,
        null,
        null,
        1,
        16,
        null,
        null,
        null
      ],
      "/var/www/html/ratebeer/app/helpers/application_helper.rb": [
        1,
        null
      ],
      "/var/www/html/ratebeer/app/helpers/beer_clubs_helper.rb": [
        1,
        null
      ],
      "/var/www/html/ratebeer/app/helpers/beers_helper.rb": [
        1,
        null
      ],
      "/var/www/html/ratebeer/app/helpers/breweries_helper.rb": [
        1,
        null
      ],
      "/var/www/html/ratebeer/app/helpers/memberships_helper.rb": [
        1,
        null
      ],
      "/var/www/html/ratebeer/app/helpers/users_helper.rb": [
        1,
        null
      ],
      "/var/www/html/ratebeer/app/models/beer.rb": [
        1,
        1,
        null,
        1,
        1,
        null,
        1,
        1,
        1,
        null,
        1,
        0,
        0,
        null,
        null,
        1,
        2,
        null,
        null,
        null
      ],
      "/var/www/html/ratebeer/app/models/concerns/average_rating.rb": [
        1,
        1,
        1,
        8,
        8,
        8,
        8,
        null,
        null
      ],
      "/var/www/html/ratebeer/app/models/brewery.rb": [
        1,
        1,
        null,
        1,
        1,
        null,
        28,
        null,
        null,
        1,
        1,
        null,
        1,
        0,
        0,
        0,
        null,
        null,
        1,
        0,
        0,
        null,
        null,
        1,
        null,
        null,
        null
      ],
      "/var/www/html/ratebeer/app/models/user.rb": [
        1,
        1,
        1,
        1,
        null,
        1,
        1,
        1,
        1,
        1,
        null,
        1,
        3,
        2,
        null,
        null,
        1,
        3,
        6,
        6,
        null,
        null,
        1,
        3,
        6,
        6,
        null,
        null,
        null,
        null,
        1,
        10,
        null,
        null,
        1,
        26,
        12,
        null,
        null,
        1,
        10,
        null,
        null,
        1,
        26,
        12,
        null,
        null,
        null
      ],
      "/var/www/html/ratebeer/app/controllers/sessions_controller.rb": [
        1,
        null,
        1,
        null,
        null,
        null,
        1,
        8,
        8,
        7,
        7,
        null,
        1,
        null,
        null,
        null,
        1,
        0,
        0,
        null,
        null,
        null
      ],
      "/var/www/html/ratebeer/app/controllers/application_controller.rb": [
        1,
        null,
        null,
        1,
        null,
        1,
        null,
        1,
        154,
        96,
        null,
        null,
        1,
        4,
        null,
        null,
        null
      ],
      "/var/www/html/ratebeer/app/controllers/users_controller.rb": [
        1,
        1,
        null,
        null,
        null,
        1,
        0,
        null,
        null,
        null,
        null,
        1,
        null,
        null,
        null,
        1,
        1,
        null,
        null,
        null,
        1,
        null,
        null,
        null,
        null,
        1,
        1,
        1,
        1,
        2,
        1,
        null,
        0,
        0,
        null,
        null,
        null,
        null,
        null,
        null,
        1,
        0,
        0,
        0,
        0,
        null,
        0,
        0,
        null,
        null,
        null,
        null,
        null,
        null,
        1,
        0,
        0,
        0,
        0,
        0,
        0,
        null,
        null,
        null,
        1,
        null,
        1,
        12,
        null,
        null,
        null,
        1,
        1,
        null,
        null
      ],
      "/var/www/html/ratebeer/app/models/membership.rb": [
        1,
        1,
        1,
        null
      ],
      "/var/www/html/ratebeer/app/models/beer_club.rb": [
        1,
        1,
        1,
        null
      ],
      "/var/www/html/ratebeer/app/controllers/beers_controller.rb": [
        1,
        1,
        1,
        1,
        null,
        null,
        null,
        1,
        1,
        null,
        null,
        null,
        null,
        1,
        null,
        null,
        null,
        1,
        2,
        null,
        null,
        null,
        null,
        null,
        1,
        null,
        null,
        null,
        null,
        null,
        null,
        1,
        2,
        null,
        null,
        2,
        2,
        2,
        1,
        null,
        null,
        null,
        2,
        1,
        null,
        null,
        null,
        null,
        null,
        null,
        null,
        1,
        0,
        0,
        0,
        0,
        null,
        0,
        0,
        null,
        null,
        null,
        null,
        null,
        null,
        1,
        0,
        0,
        0,
        0,
        null,
        null,
        null,
        1,
        null,
        1,
        0,
        null,
        null,
        1,
        4,
        4,
        null,
        null,
        null,
        1,
        2,
        null,
        null
      ],
      "/var/www/html/ratebeer/app/controllers/breweries_controller.rb": [
        1,
        1,
        1,
        null,
        null,
        null,
        1,
        3,
        3,
        null,
        null,
        null,
        null,
        null,
        1,
        null,
        null,
        null,
        null,
        1,
        0,
        null,
        null,
        null,
        1,
        null,
        null,
        null,
        null,
        1,
        0,
        null,
        0,
        0,
        0,
        0,
        null,
        0,
        0,
        null,
        null,
        null,
        null,
        null,
        null,
        1,
        0,
        0,
        0,
        0,
        null,
        0,
        0,
        null,
        null,
        null,
        null,
        null,
        null,
        1,
        0,
        0,
        0,
        0,
        null,
        null,
        null,
        1,
        null,
        null,
        null,
        null,
        1,
        1,
        null,
        null,
        null,
        1,
        0,
        null,
        null
      ],
      "/var/www/html/ratebeer/lib/beermapping_api.rb": [
        1,
        null,
        1,
        5,
        8,
        null,
        null,
        1,
        null,
        1,
        3,
        null,
        3,
        3,
        null,
        3,
        null,
        2,
        2,
        4,
        null,
        null,
        null,
        1,
        3,
        null,
        null,
        null
      ],
      "/var/www/html/ratebeer/app/models/place.rb": [
        1,
        1,
        1,
        null,
        1,
        5,
        null,
        null
      ],
      "/var/www/html/ratebeer/app/controllers/places_controller.rb": [
        1,
        1,
        null,
        null,
        1,
        3,
        3,
        1,
        null,
        2,
        null,
        null,
        null
      ],
      "/var/www/html/ratebeer/app/controllers/ratings_controller.rb": [
        1,
        null,
        1,
        1,
        null,
        null,
        1,
        1,
        1,
        null,
        null,
        1,
        1,
        null,
        1,
        0,
        1,
        1,
        1,
        null,
        0,
        0,
        null,
        null,
        null,
        1,
        1,
        1,
        1,
        null,
        null,
        null
      ]
    },
    "timestamp": 1424080642
  }
}
