{
  "RSpec": {
    "coverage": {
      "/var/www/html/ratebeer/app/models/rating.rb": [
        1,
        1,
        null,
        null,
        null,
        null,
        null,
        2,
        null,
        1,
        1,
        null,
        1,
        0,
        null,
        null,
        null
      ],
      "/var/www/html/ratebeer/app/helpers/application_helper.rb": [
        1,
        1,
        0,
        0,
        0,
        null,
        0,
        null,
        null,
        null,
        1,
        15,
        null,
        null,
        null,
        null
      ],
      "/var/www/html/ratebeer/app/helpers/beer_clubs_helper.rb": [
        1,
        null
      ],
      "/var/www/html/ratebeer/app/helpers/beers_helper.rb": [
        1,
        null
      ],
      "/var/www/html/ratebeer/app/helpers/breweries_helper.rb": [
        1,
        null
      ],
      "/var/www/html/ratebeer/app/helpers/memberships_helper.rb": [
        1,
        null
      ],
      "/var/www/html/ratebeer/app/helpers/styles_helper.rb": [
        1,
        null
      ],
      "/var/www/html/ratebeer/app/helpers/users_helper.rb": [
        1,
        null
      ],
      "/var/www/html/ratebeer/app/helpers/welcome_helper.rb": [
        1,
        null
      ],
      "/var/www/html/ratebeer/app/controllers/welcome_controller.rb": [
        1,
        1,
        1,
        0,
        null,
        null,
        null
      ],
      "/var/www/html/ratebeer/app/controllers/application_controller.rb": [
        1,
        null,
        null,
        1,
        null,
        1,
        null,
        1,
        135,
        93,
        null,
        null,
        1,
        4,
        null,
        null,
        1,
        0,
        null,
        null,
        null
      ],
      "/var/www/html/ratebeer/app/models/beer.rb": [
        1,
        1,
        null,
        1,
        1,
        null,
        1,
        1,
        1,
        1,
        null,
        1,
        0,
        0,
        null,
        null,
        1,
        2,
        null,
        null,
        null
      ],
      "/var/www/html/ratebeer/app/models/concerns/average_rating.rb": [
        2,
        1,
        33,
        33,
        20,
        20,
        20,
        null,
        null
      ],
      "/var/www/html/ratebeer/app/models/brewery.rb": [
        1,
        1,
        null,
        1,
        1,
        null,
        40,
        null,
        4,
        4,
        null,
        1,
        1,
        null,
        1,
        0,
        0,
        0,
        null,
        null,
        1,
        0,
        0,
        null,
        null,
        1,
        null,
        null,
        1,
        0,
        0,
        null,
        null,
        null
      ],
      "/var/www/html/ratebeer/app/models/user.rb": [
        1,
        1,
        1,
        1,
        null,
        1,
        1,
        1,
        1,
        1,
        null,
        null,
        1,
        6,
        5,
        null,
        null,
        null,
        null,
        null,
        null,
        null,
        null,
        null,
        null,
        null,
        null,
        null,
        null,
        null,
        null,
        null,
        null,
        null,
        null,
        null,
        null,
        null,
        null,
        null,
        null,
        null,
        null,
        null,
        null,
        null,
        null,
        1,
        0,
        0,
        null,
        0,
        null,
        null,
        null,
        null,
        1,
        36,
        null,
        null,
        1,
        14,
        62,
        null,
        14,
        null,
        null,
        1,
        10,
        8,
        null,
        null,
        14,
        null,
        22,
        null,
        null,
        1,
        5,
        null,
        null,
        1,
        5,
        null,
        null,
        null
      ],
      "/var/www/html/ratebeer/app/models/style.rb": [
        1,
        1,
        null,
        1,
        1,
        null,
        1,
        0,
        0,
        0,
        0,
        null,
        null,
        null,
        1,
        0,
        null,
        null,
        1,
        0,
        0,
        null,
        null,
        null
      ],
      "/var/www/html/ratebeer/app/controllers/beers_controller.rb": [
        1,
        null,
        1,
        1,
        1,
        1,
        null,
        null,
        null,
        1,
        5,
        null,
        5,
        5,
        null,
        0,
        null,
        null,
        null,
        5,
        5,
        null,
        null,
        5,
        null,
        0,
        null,
        null,
        0,
        null,
        5,
        0,
        null,
        null,
        null,
        null,
        null,
        1,
        0,
        0,
        null,
        null,
        null,
        1,
        2,
        null,
        null,
        null,
        1,
        null,
        null,
        1,
        null,
        null,
        1,
        null,
        null,
        null,
        null,
        1,
        2,
        2,
        2,
        2,
        1,
        null,
        2,
        1,
        null,
        null,
        null,
        null,
        null,
        null,
        1,
        0,
        0,
        0,
        0,
        null,
        0,
        0,
        null,
        null,
        null,
        null,
        null,
        null,
        1,
        0,
        0,
        0,
        0,
        null,
        null,
        null,
        1,
        null,
        1,
        0,
        null,
        null,
        1,
        4,
        null,
        4,
        null,
        null,
        null,
        1,
        2,
        null,
        null
      ],
      "/var/www/html/ratebeer/app/controllers/sessions_controller.rb": [
        1,
        null,
        1,
        null,
        null,
        1,
        8,
        8,
        0,
        8,
        7,
        7,
        null,
        1,
        null,
        null,
        null,
        1,
        0,
        0,
        null,
        null,
        null
      ],
      "/var/www/html/ratebeer/app/controllers/users_controller.rb": [
        1,
        1,
        null,
        null,
        null,
        1,
        0,
        null,
        null,
        null,
        null,
        1,
        null,
        null,
        null,
        1,
        1,
        null,
        null,
        null,
        1,
        null,
        null,
        null,
        null,
        1,
        1,
        1,
        1,
        2,
        1,
        null,
        0,
        0,
        null,
        null,
        null,
        null,
        null,
        null,
        1,
        0,
        0,
        0,
        0,
        null,
        0,
        0,
        null,
        null,
        null,
        null,
        null,
        null,
        1,
        0,
        0,
        0,
        0,
        0,
        0,
        null,
        null,
        null,
        1,
        0,
        0,
        0,
        0,
        null,
        null,
        1,
        null,
        null,
        1,
        10,
        null,
        null,
        null,
        1,
        1,
        null,
        null
      ],
      "/var/www/html/ratebeer/app/models/membership.rb": [
        1,
        1,
        1,
        null
      ],
      "/var/www/html/ratebeer/app/models/beer_club.rb": [
        1,
        1,
        1,
        null
      ],
      "/var/www/html/ratebeer/app/controllers/breweries_controller.rb": [
        1,
        null,
        1,
        1,
        1,
        null,
        null,
        null,
        1,
        3,
        3,
        3,
        null,
        null,
        null,
        null,
        1,
        null,
        null,
        null,
        1,
        0,
        null,
        null,
        null,
        1,
        null,
        null,
        1,
        null,
        null,
        null,
        null,
        1,
        0,
        null,
        0,
        0,
        0,
        0,
        null,
        0,
        0,
        null,
        null,
        null,
        null,
        null,
        null,
        1,
        0,
        0,
        0,
        0,
        null,
        0,
        0,
        null,
        null,
        null,
        null,
        null,
        null,
        1,
        0,
        0,
        0,
        0,
        null,
        null,
        null,
        1,
        0,
        0,
        0,
        0,
        null,
        null,
        null,
        1,
        null,
        null,
        null,
        null,
        1,
        1,
        null,
        null,
        null,
        1,
        0,
        null,
        null
      ],
      "/var/www/html/ratebeer/lib/beermapping_api.rb": [
        1,
        null,
        1,
        4,
        8,
        null,
        null,
        1,
        null,
        1,
        4,
        null,
        0,
        0,
        null,
        0,
        null,
        0,
        0,
        0,
        null,
        null,
        null,
        null,
        null,
        1,
        null,
        4,
        0,
        null,
        null,
        null
      ],
      "/var/www/html/ratebeer/app/models/place.rb": [
        1,
        1,
        1,
        null,
        1,
        5,
        null,
        null
      ],
      "/var/www/html/ratebeer/app/controllers/places_controller.rb": [
        1,
        1,
        null,
        1,
        null,
        null,
        1,
        null,
        null,
        1,
        null,
        3,
        3,
        1,
        null,
        2,
        2,
        null,
        null,
        null,
        1,
        null,
        null,
        1,
        0,
        0,
        0,
        0,
        null,
        null,
        null,
        null,
        null
      ],
      "/var/www/html/ratebeer/app/controllers/ratings_controller.rb": [
        1,
        null,
        1,
        1,
        3,
        2,
        3,
        null,
        2,
        1,
        null,
        null,
        1,
        1,
        1,
        null,
        null,
        1,
        1,
        null,
        1,
        0,
        1,
        1,
        1,
        null,
        0,
        0,
        null,
        null,
        null,
        1,
        0,
        0,
        0,
        null,
        null,
        1,
        null,
        1,
        0,
        null,
        null,
        null
      ]
    },
    "timestamp": 1425243406
  }
}
